<?xml version="1.0" encoding="UTF-8"?>
<!-- Generated by org.testng.reporters.JUnitReportReporter -->
<testsuite hostname="Asplap2656" failures="0" tests="1" name="List.VectorList" time="0.010" errors="0" timestamp="2024-01-12T10:58:34 IST" skipped="0">
  <testcase classname="List.VectorList" name="vectorList" time="0.010"/>
</testsuite> <!-- List.VectorList -->
