<?xml version="1.0" encoding="UTF-8"?>
<!-- Generated by org.testng.reporters.JUnitReportReporter -->
<testsuite hostname="Asplap2656" failures="0" tests="1" name="List.Array" time="0.002" errors="0" timestamp="2024-01-12T10:58:34 IST" skipped="0">
  <testcase classname="List.Array" name="arrayList" time="0.002"/>
</testsuite> <!-- List.Array -->
