<?xml version="1.0" encoding="UTF-8"?>
<!-- Generated by org.testng.reporters.JUnitReportReporter -->
<testsuite hostname="Asplap2656" failures="0" tests="1" name="SortedSet.Tree_Set" time="0.004" errors="0" timestamp="2024-01-12T11:11:12 IST" skipped="0">
  <testcase classname="SortedSet.Tree_Set" name="treeSet" time="0.004"/>
</testsuite> <!-- SortedSet.Tree_Set -->
