<?xml version="1.0" encoding="UTF-8"?>
<!-- Generated by org.testng.reporters.JUnitReportReporter -->
<testsuite hostname="Asplap2656" failures="0" tests="1" name="Set.Linked_HashSet" time="0.006" errors="0" timestamp="2024-01-12T11:11:12 IST" skipped="0">
  <testcase classname="Set.Linked_HashSet" name="linkedHashSet" time="0.006"/>
</testsuite> <!-- Set.Linked_HashSet -->
