<?xml version="1.0" encoding="UTF-8"?>
<!-- Generated by org.testng.reporters.JUnitReportReporter -->
<testsuite hostname="Asplap2656" failures="0" tests="1" name="Stream.Filter" time="0.016" errors="0" timestamp="2024-01-12T10:58:34 IST" skipped="0">
  <testcase classname="Stream.Filter" name="filter" time="0.016"/>
</testsuite> <!-- Stream.Filter -->
