<?xml version="1.0" encoding="UTF-8"?>
<!-- Generated by org.testng.reporters.JUnitReportReporter -->
<testsuite hostname="Asplap2656" failures="0" tests="1" name="Queue.Priority_Queue" time="0.003" errors="0" timestamp="2024-01-12T11:11:12 IST" skipped="0">
  <testcase classname="Queue.Priority_Queue" name="priorityQueue" time="0.003"/>
</testsuite> <!-- Queue.Priority_Queue -->
