<?xml version="1.0" encoding="UTF-8"?>
<!-- Generated by org.testng.reporters.JUnitReportReporter -->
<testsuite hostname="Asplap2656" failures="0" tests="1" name="Stream.Filter" time="0.071" errors="0" timestamp="2024-01-12T11:11:12 IST" skipped="0">
  <testcase classname="Stream.Filter" name="filter" time="0.071"/>
</testsuite> <!-- Stream.Filter -->
