<?xml version="1.0" encoding="UTF-8"?>
<!-- Generated by org.testng.reporters.JUnitReportReporter -->
<testsuite hostname="Asplap2656" failures="0" tests="1" name="Stream.JavaStream" time="0.013" errors="0" timestamp="2024-01-12T10:58:34 IST" skipped="0">
  <testcase classname="Stream.JavaStream" name="stream" time="0.013"/>
</testsuite> <!-- Stream.JavaStream -->
