<?xml version="1.0" encoding="UTF-8"?>
<!-- Generated by org.testng.reporters.JUnitReportReporter -->
<testsuite hostname="Asplap2656" failures="0" tests="1" name="Set.Hash_Set" time="0.002" errors="0" timestamp="2024-01-12T10:58:34 IST" skipped="0">
  <testcase classname="Set.Hash_Set" name="hashSet" time="0.002"/>
</testsuite> <!-- Set.Hash_Set -->
